WARNING: All log messages before absl::InitializeLog() is called are written to STDERR
I0000 00:00:1778303779.899761   30908 port.cc:153] oneDNN custom operations are on. You may see slightly different numerical results due to floating-point round-off errors from different computation orders. To turn them off, set the environment variable `TF_ENABLE_ONEDNN_OPTS=0`.
WARNING: All log messages before absl::InitializeLog() is called are written to STDERR
I0000 00:00:1778303785.631161   30908 port.cc:153] oneDNN custom operations are on. You may see slightly different numerical results due to floating-point round-off errors from different computation orders. To turn them off, set the environment variable `TF_ENABLE_ONEDNN_OPTS=0`.
======================================================================
LSTM CAPACITY SWEEP
======================================================================
Started at: 2026-05-09 01:16:27

No previous results found, starting from scratch

Loading features from cached_features.pkl...
   30931 prediction instances from 1489 patients
   Train: 1191 patients, 24522 observations
   Test:  298 patients, 6409 observations

Running experiments...
Total expected: 4 sizes x 5 configs x 10 seeds = 200 runs

======================================================================
LSTM_UNITS = 4
======================================================================
[01:16:27] units=4 config=FULL_HYBRID
   All features (reference baseline)
   units=4 seed=42: MAE=0.3408, Rý=0.6227, train_loss=0.3247, val_loss=0.2950
   units=4 seed=43: MAE=0.3381, Rý=0.6238, train_loss=0.3243, val_loss=0.2942
   units=4 seed=44: MAE=0.3972, Rý=0.5980, train_loss=0.3292, val_loss=0.3095
   units=4 seed=45: MAE=0.3480, Rý=0.6146, train_loss=0.3260, val_loss=0.3022
   units=4 seed=46: MAE=0.3402, Rý=0.6225, train_loss=0.3236, val_loss=0.2934
   units=4 seed=47: MAE=0.3613, Rý=0.6160, train_loss=0.3238, val_loss=0.2975
   units=4 seed=48: MAE=0.3490, Rý=0.6144, train_loss=0.3297, val_loss=0.3112
   units=4 seed=49: MAE=0.3409, Rý=0.6236, train_loss=0.3248, val_loss=0.2910
   units=4 seed=50: MAE=0.3470, Rý=0.6190, train_loss=0.3280, val_loss=0.3032
   units=4 seed=51: MAE=0.3514, Rý=0.6169, train_loss=0.3245, val_loss=0.2999

[01:25:24] units=4 config=NO_TEMPORAL
   Remove temporal mechanistic features
   units=4 seed=42: MAE=0.3708, Rý=0.6097, train_loss=0.3262, val_loss=0.3069
   units=4 seed=43: MAE=0.3571, Rý=0.6096, train_loss=0.3259, val_loss=0.3075
   units=4 seed=44: MAE=0.3711, Rý=0.6083, train_loss=0.3306, val_loss=0.3012
   units=4 seed=45: MAE=0.3677, Rý=0.6025, train_loss=0.3259, val_loss=0.3166
   units=4 seed=46: MAE=0.4341, Rý=0.5588, train_loss=0.3309, val_loss=0.3456
   units=4 seed=47: MAE=0.3963, Rý=0.5986, train_loss=0.3327, val_loss=0.3100
   units=4 seed=48: MAE=0.4489, Rý=0.5505, train_loss=0.3518, val_loss=0.3572
   units=4 seed=49: MAE=0.4079, Rý=0.5829, train_loss=0.3299, val_loss=0.3129
   units=4 seed=50: MAE=0.3526, Rý=0.6092, train_loss=0.3316, val_loss=0.3109
   units=4 seed=51: MAE=0.3587, Rý=0.6157, train_loss=0.3245, val_loss=0.2948

[01:34:00] units=4 config=NO_STATIC_MECH
   Remove static mechanistic features
   units=4 seed=42: MAE=0.3639, Rý=0.6157, train_loss=0.3299, val_loss=0.2932
   units=4 seed=43: MAE=0.3896, Rý=0.6031, train_loss=0.3362, val_loss=0.3034
   units=4 seed=44: MAE=0.3799, Rý=0.6119, train_loss=0.3349, val_loss=0.2989
   units=4 seed=45: MAE=0.3617, Rý=0.6067, train_loss=0.3274, val_loss=0.3119
   units=4 seed=46: MAE=0.3569, Rý=0.6094, train_loss=0.3240, val_loss=0.3152
   units=4 seed=47: MAE=0.3481, Rý=0.6109, train_loss=0.3233, val_loss=0.3082
   units=4 seed=48: MAE=0.4043, Rý=0.5895, train_loss=0.3284, val_loss=0.3314
   units=4 seed=49: MAE=0.3538, Rý=0.6184, train_loss=0.3249, val_loss=0.2907
   units=4 seed=50: MAE=0.3652, Rý=0.6106, train_loss=0.3320, val_loss=0.3057
   units=4 seed=51: MAE=0.3535, Rý=0.6193, train_loss=0.3297, val_loss=0.2912

[01:42:51] units=4 config=PURE_ML
   Remove all mechanistic features
   units=4 seed=42: MAE=0.3523, Rý=0.6109, train_loss=0.3309, val_loss=0.3028
   units=4 seed=43: MAE=0.3596, Rý=0.6040, train_loss=0.3294, val_loss=0.3093
   units=4 seed=44: MAE=0.3458, Rý=0.6145, train_loss=0.3326, val_loss=0.2960
   units=4 seed=45: MAE=0.4176, Rý=0.5843, train_loss=0.3366, val_loss=0.3152
   units=4 seed=46: MAE=0.4684, Rý=0.5183, train_loss=0.3391, val_loss=0.3722
   units=4 seed=47: MAE=0.4077, Rý=0.5912, train_loss=0.3422, val_loss=0.3141
   units=4 seed=48: MAE=0.3639, Rý=0.5981, train_loss=0.3376, val_loss=0.3183
   units=4 seed=49: MAE=0.3889, Rý=0.6000, train_loss=0.3404, val_loss=0.3042
   units=4 seed=50: MAE=0.4094, Rý=0.5932, train_loss=0.3373, val_loss=0.3094
   units=4 seed=51: MAE=0.3668, Rý=0.6010, train_loss=0.3394, val_loss=0.3110

[01:50:46] units=4 config=ONLY_MECH
   Keep only mechanistic features
   units=4 seed=42: MAE=0.3611, Rý=0.5957, train_loss=0.3457, val_loss=0.3276
   units=4 seed=43: MAE=0.3467, Rý=0.6181, train_loss=0.3419, val_loss=0.2921
   units=4 seed=44: MAE=0.4137, Rý=0.5671, train_loss=0.3513, val_loss=0.3257
   units=4 seed=45: MAE=0.3956, Rý=0.5884, train_loss=0.3396, val_loss=0.3266
   units=4 seed=46: MAE=0.3429, Rý=0.6155, train_loss=0.3415, val_loss=0.2968
   units=4 seed=47: MAE=0.3457, Rý=0.6191, train_loss=0.3431, val_loss=0.2932
   units=4 seed=48: MAE=0.3696, Rý=0.5935, train_loss=0.3438, val_loss=0.3283
   units=4 seed=49: MAE=0.3595, Rý=0.6151, train_loss=0.3405, val_loss=0.2927
   units=4 seed=50: MAE=0.3548, Rý=0.6155, train_loss=0.3496, val_loss=0.2976
   units=4 seed=51: MAE=0.3505, Rý=0.6189, train_loss=0.3438, val_loss=0.2916

======================================================================
LSTM_UNITS = 8
======================================================================
[01:59:38] units=8 config=FULL_HYBRID
   All features (reference baseline)
   units=8 seed=42: MAE=0.3696, Rý=0.6176, train_loss=0.3260, val_loss=0.2887
   units=8 seed=43: MAE=0.3923, Rý=0.6074, train_loss=0.3232, val_loss=0.3041
   units=8 seed=44: MAE=0.3580, Rý=0.6142, train_loss=0.3234, val_loss=0.2949
   units=8 seed=45: MAE=0.3666, Rý=0.6108, train_loss=0.3285, val_loss=0.3082
   units=8 seed=46: MAE=0.3794, Rý=0.6092, train_loss=0.3271, val_loss=0.3056
   units=8 seed=47: MAE=0.3589, Rý=0.6114, train_loss=0.3197, val_loss=0.3050
   units=8 seed=48: MAE=0.3983, Rý=0.6016, train_loss=0.3263, val_loss=0.3144
   units=8 seed=49: MAE=0.3810, Rý=0.6127, train_loss=0.3247, val_loss=0.2995
   units=8 seed=50: MAE=0.3527, Rý=0.6173, train_loss=0.3215, val_loss=0.3021
   units=8 seed=51: MAE=0.3614, Rý=0.6113, train_loss=0.3220, val_loss=0.3085

[02:09:20] units=8 config=NO_TEMPORAL
   Remove temporal mechanistic features
   units=8 seed=42: MAE=0.3999, Rý=0.5943, train_loss=0.3276, val_loss=0.3167
   units=8 seed=43: MAE=0.3631, Rý=0.6115, train_loss=0.3234, val_loss=0.3032
   units=8 seed=44: MAE=0.5318, Rý=0.4473, train_loss=0.3446, val_loss=0.4285
   units=8 seed=45: MAE=0.3471, Rý=0.6123, train_loss=0.3260, val_loss=0.3020
   units=8 seed=46: MAE=0.3615, Rý=0.6161, train_loss=0.3295, val_loss=0.2868
   units=8 seed=47: MAE=0.3430, Rý=0.6179, train_loss=0.3288, val_loss=0.3001
   units=8 seed=48: MAE=0.4010, Rý=0.5952, train_loss=0.3275, val_loss=0.3120
   units=8 seed=49: MAE=0.4433, Rý=0.5597, train_loss=0.3293, val_loss=0.3352
   units=8 seed=50: MAE=0.3593, Rý=0.6102, train_loss=0.3256, val_loss=0.3096
   units=8 seed=51: MAE=0.5488, Rý=0.4201, train_loss=0.3377, val_loss=0.4555

[02:17:57] units=8 config=NO_STATIC_MECH
   Remove static mechanistic features
   units=8 seed=42: MAE=0.3574, Rý=0.6110, train_loss=0.3258, val_loss=0.3028
   units=8 seed=43: MAE=0.3999, Rý=0.6005, train_loss=0.3258, val_loss=0.3092
   units=8 seed=44: MAE=0.4093, Rý=0.5941, train_loss=0.3262, val_loss=0.3130
   units=8 seed=45: MAE=0.4473, Rý=0.5660, train_loss=0.3269, val_loss=0.3407
   units=8 seed=46: MAE=0.3515, Rý=0.6207, train_loss=0.3207, val_loss=0.2990
   units=8 seed=47: MAE=0.3629, Rý=0.6175, train_loss=0.3282, val_loss=0.3023
   units=8 seed=48: MAE=0.3728, Rý=0.6057, train_loss=0.3256, val_loss=0.3169
   units=8 seed=49: MAE=0.4036, Rý=0.5960, train_loss=0.3271, val_loss=0.3126
   units=8 seed=50: MAE=0.3640, Rý=0.6087, train_loss=0.3205, val_loss=0.3124
   units=8 seed=51: MAE=0.3635, Rý=0.6160, train_loss=0.3257, val_loss=0.3033

[02:25:26] units=8 config=PURE_ML
   Remove all mechanistic features
   units=8 seed=42: MAE=0.3490, Rý=0.6121, train_loss=0.3304, val_loss=0.3000
   units=8 seed=43: MAE=0.3636, Rý=0.6058, train_loss=0.3286, val_loss=0.3052
   units=8 seed=44: MAE=0.3570, Rý=0.6108, train_loss=0.3334, val_loss=0.3030
   units=8 seed=45: MAE=0.4125, Rý=0.5851, train_loss=0.3369, val_loss=0.3187
   units=8 seed=46: MAE=0.4229, Rý=0.5697, train_loss=0.3360, val_loss=0.3294
   units=8 seed=47: MAE=0.3672, Rý=0.6023, train_loss=0.3277, val_loss=0.3126
   units=8 seed=48: MAE=0.3457, Rý=0.6172, train_loss=0.3331, val_loss=0.2912
   units=8 seed=49: MAE=0.5113, Rý=0.4663, train_loss=0.3398, val_loss=0.4099
   units=8 seed=50: MAE=0.3867, Rý=0.6030, train_loss=0.3327, val_loss=0.3098
   units=8 seed=51: MAE=0.3692, Rý=0.6050, train_loss=0.3290, val_loss=0.3060

[02:33:46] units=8 config=ONLY_MECH
   Keep only mechanistic features
   units=8 seed=42: MAE=0.3994, Rý=0.5965, train_loss=0.3326, val_loss=0.3016
   units=8 seed=43: MAE=0.3638, Rý=0.6162, train_loss=0.3373, val_loss=0.2930
   units=8 seed=44: MAE=0.3390, Rý=0.6207, train_loss=0.3327, val_loss=0.2851
   units=8 seed=45: MAE=0.3535, Rý=0.6140, train_loss=0.3327, val_loss=0.2926
   units=8 seed=46: MAE=0.3331, Rý=0.6223, train_loss=0.3322, val_loss=0.2827
   units=8 seed=47: MAE=0.3499, Rý=0.6171, train_loss=0.3345, val_loss=0.2986
   units=8 seed=48: MAE=0.4256, Rý=0.5788, train_loss=0.3333, val_loss=0.3253
   units=8 seed=49: MAE=0.3703, Rý=0.6078, train_loss=0.3314, val_loss=0.2938
   units=8 seed=50: MAE=0.3789, Rý=0.6065, train_loss=0.3376, val_loss=0.2985
   units=8 seed=51: MAE=0.4393, Rý=0.5615, train_loss=0.3323, val_loss=0.3350

======================================================================
LSTM_UNITS = 16
======================================================================
[02:41:58] units=16 config=FULL_HYBRID
   All features (reference baseline)
   units=16 seed=42: MAE=0.4305, Rý=0.5726, train_loss=0.3231, val_loss=0.3313
   units=16 seed=43: MAE=0.4130, Rý=0.5878, train_loss=0.3273, val_loss=0.3144
   units=16 seed=44: MAE=0.3331, Rý=0.6254, train_loss=0.3266, val_loss=0.2859
   units=16 seed=45: MAE=0.4143, Rý=0.5888, train_loss=0.3202, val_loss=0.3197
   units=16 seed=46: MAE=0.3549, Rý=0.6183, train_loss=0.3178, val_loss=0.2914
   units=16 seed=47: MAE=0.3983, Rý=0.6021, train_loss=0.3192, val_loss=0.3124
   units=16 seed=48: MAE=0.3931, Rý=0.6022, train_loss=0.3230, val_loss=0.3124
   units=16 seed=49: MAE=0.3677, Rý=0.6151, train_loss=0.3186, val_loss=0.2945
   units=16 seed=50: MAE=0.3476, Rý=0.6182, train_loss=0.3185, val_loss=0.3021
   units=16 seed=51: MAE=0.3661, Rý=0.6179, train_loss=0.3217, val_loss=0.2960

[02:51:09] units=16 config=NO_TEMPORAL
   Remove temporal mechanistic features
   units=16 seed=42: MAE=0.3792, Rý=0.6040, train_loss=0.3260, val_loss=0.3122
   units=16 seed=43: MAE=0.3767, Rý=0.6098, train_loss=0.3289, val_loss=0.2978
   units=16 seed=44: MAE=0.3571, Rý=0.6141, train_loss=0.3250, val_loss=0.2900
   units=16 seed=45: MAE=0.3933, Rý=0.5977, train_loss=0.3278, val_loss=0.3165
   units=16 seed=46: MAE=0.3486, Rý=0.6200, train_loss=0.3235, val_loss=0.2923
   units=16 seed=47: MAE=0.3791, Rý=0.6026, train_loss=0.3252, val_loss=0.2981
   units=16 seed=48: MAE=0.3992, Rý=0.5901, train_loss=0.3251, val_loss=0.3283
   units=16 seed=49: MAE=0.3703, Rý=0.6099, train_loss=0.3224, val_loss=0.3024
   units=16 seed=50: MAE=0.4307, Rý=0.5792, train_loss=0.3264, val_loss=0.3239
   units=16 seed=51: MAE=0.4037, Rý=0.5981, train_loss=0.3241, val_loss=0.3078

[02:58:51] units=16 config=NO_STATIC_MECH
   Remove static mechanistic features
   units=16 seed=42: MAE=0.3947, Rý=0.5981, train_loss=0.3232, val_loss=0.3103
   units=16 seed=43: MAE=0.3987, Rý=0.6056, train_loss=0.3225, val_loss=0.3033
   units=16 seed=44: MAE=0.3747, Rý=0.6136, train_loss=0.3261, val_loss=0.2923
   units=16 seed=45: MAE=0.4326, Rý=0.5751, train_loss=0.3251, val_loss=0.3292
   units=16 seed=46: MAE=0.4026, Rý=0.5873, train_loss=0.3258, val_loss=0.3158
   units=16 seed=47: MAE=0.3855, Rý=0.6059, train_loss=0.3212, val_loss=0.3033
   units=16 seed=48: MAE=0.3767, Rý=0.6176, train_loss=0.3321, val_loss=0.2950
   units=16 seed=49: MAE=0.3759, Rý=0.6123, train_loss=0.3216, val_loss=0.2945
   units=16 seed=50: MAE=0.3803, Rý=0.6121, train_loss=0.3221, val_loss=0.2956
   units=16 seed=51: MAE=0.3718, Rý=0.6160, train_loss=0.3206, val_loss=0.2987

[03:06:11] units=16 config=PURE_ML
   Remove all mechanistic features
   units=16 seed=42: MAE=0.3599, Rý=0.6117, train_loss=0.3261, val_loss=0.3001
   units=16 seed=43: MAE=0.3957, Rý=0.6005, train_loss=0.3330, val_loss=0.3025
   units=16 seed=44: MAE=0.3496, Rý=0.6164, train_loss=0.3308, val_loss=0.2921
   units=16 seed=45: MAE=0.3702, Rý=0.5937, train_loss=0.3262, val_loss=0.3218
   units=16 seed=46: MAE=0.3701, Rý=0.6094, train_loss=0.3296, val_loss=0.2954
   units=16 seed=47: MAE=0.3798, Rý=0.6081, train_loss=0.3282, val_loss=0.2993
   units=16 seed=48: MAE=0.4105, Rý=0.5855, train_loss=0.3314, val_loss=0.3253
   units=16 seed=49: MAE=0.4058, Rý=0.5867, train_loss=0.3301, val_loss=0.3119
   units=16 seed=50: MAE=0.3893, Rý=0.5929, train_loss=0.3306, val_loss=0.3208
   units=16 seed=51: MAE=0.4135, Rý=0.5894, train_loss=0.3306, val_loss=0.3203

[03:13:14] units=16 config=ONLY_MECH
   Keep only mechanistic features
   units=16 seed=42: MAE=0.3837, Rý=0.6079, train_loss=0.3264, val_loss=0.2940
   units=16 seed=43: MAE=0.3407, Rý=0.6232, train_loss=0.3266, val_loss=0.2855
   units=16 seed=44: MAE=0.3187, Rý=0.6199, train_loss=0.3288, val_loss=0.2791
   units=16 seed=45: MAE=0.3519, Rý=0.6164, train_loss=0.3274, val_loss=0.2998
   units=16 seed=46: MAE=0.3383, Rý=0.6219, train_loss=0.3252, val_loss=0.2868
   units=16 seed=47: MAE=0.3378, Rý=0.6188, train_loss=0.3283, val_loss=0.2923
   units=16 seed=48: MAE=0.4390, Rý=0.5698, train_loss=0.3286, val_loss=0.3297
   units=16 seed=49: MAE=0.3876, Rý=0.5989, train_loss=0.3294, val_loss=0.3020
   units=16 seed=50: MAE=0.3512, Rý=0.6205, train_loss=0.3253, val_loss=0.2876
   units=16 seed=51: MAE=0.3527, Rý=0.6206, train_loss=0.3310, val_loss=0.2815

======================================================================
LSTM_UNITS = 32
======================================================================
[03:20:33] units=32 config=FULL_HYBRID
   All features (reference baseline)
   units=32 seed=42: MAE=0.3917, Rý=0.6051, train_loss=0.3236, val_loss=0.3040
   units=32 seed=43: MAE=0.4274, Rý=0.5723, train_loss=0.3224, val_loss=0.3305
   units=32 seed=44: MAE=0.3444, Rý=0.6202, train_loss=0.3155, val_loss=0.2910
   units=32 seed=45: MAE=0.4264, Rý=0.5825, train_loss=0.3216, val_loss=0.3274
   units=32 seed=46: MAE=0.4073, Rý=0.5862, train_loss=0.3172, val_loss=0.3139
   units=32 seed=47: MAE=0.4260, Rý=0.5809, train_loss=0.3201, val_loss=0.3266
   units=32 seed=48: MAE=0.4023, Rý=0.6069, train_loss=0.3182, val_loss=0.3091
   units=32 seed=49: MAE=0.4434, Rý=0.5549, train_loss=0.3185, val_loss=0.3408
   units=32 seed=50: MAE=0.3822, Rý=0.6104, train_loss=0.3193, val_loss=0.3043
   units=32 seed=51: MAE=0.4043, Rý=0.5971, train_loss=0.3196, val_loss=0.3084

[03:29:04] units=32 config=NO_TEMPORAL
   Remove temporal mechanistic features
   units=32 seed=42: MAE=0.4415, Rý=0.5586, train_loss=0.3272, val_loss=0.3373
   units=32 seed=43: MAE=0.4258, Rý=0.5649, train_loss=0.3278, val_loss=0.3284
   units=32 seed=44: MAE=0.4051, Rý=0.5854, train_loss=0.3258, val_loss=0.3094
   units=32 seed=45: MAE=0.4004, Rý=0.5983, train_loss=0.3258, val_loss=0.3113
   units=32 seed=46: MAE=0.3986, Rý=0.6004, train_loss=0.3233, val_loss=0.3084
   units=32 seed=47: MAE=0.3594, Rý=0.6155, train_loss=0.3247, val_loss=0.2878
   units=32 seed=48: MAE=0.4563, Rý=0.5362, train_loss=0.3321, val_loss=0.3656
   units=32 seed=49: MAE=0.4265, Rý=0.5656, train_loss=0.3242, val_loss=0.3307
   units=32 seed=50: MAE=0.4241, Rý=0.5848, train_loss=0.3226, val_loss=0.3200
   units=32 seed=51: MAE=0.3885, Rý=0.6093, train_loss=0.3215, val_loss=0.3022

[03:37:44] units=32 config=NO_STATIC_MECH
   Remove static mechanistic features
   units=32 seed=42: MAE=0.4017, Rý=0.5893, train_loss=0.3236, val_loss=0.3148
   units=32 seed=43: MAE=0.3759, Rý=0.6077, train_loss=0.3171, val_loss=0.3048
   units=32 seed=44: MAE=0.4228, Rý=0.5698, train_loss=0.3198, val_loss=0.3305
   units=32 seed=45: MAE=0.4304, Rý=0.5737, train_loss=0.3209, val_loss=0.3409
   units=32 seed=46: MAE=0.3815, Rý=0.6102, train_loss=0.3173, val_loss=0.3031
   units=32 seed=47: MAE=0.3964, Rý=0.5997, train_loss=0.3198, val_loss=0.3083
   units=32 seed=48: MAE=0.3714, Rý=0.6116, train_loss=0.3204, val_loss=0.3059
   units=32 seed=49: MAE=0.4328, Rý=0.5548, train_loss=0.3209, val_loss=0.3407
   units=32 seed=50: MAE=0.3987, Rý=0.6023, train_loss=0.3236, val_loss=0.3082
   units=32 seed=51: MAE=0.3892, Rý=0.6075, train_loss=0.3243, val_loss=0.2998

[03:46:15] units=32 config=PURE_ML
   Remove all mechanistic features
   units=32 seed=42: MAE=0.4633, Rý=0.5306, train_loss=0.3315, val_loss=0.3658
   units=32 seed=43: MAE=0.4186, Rý=0.5879, train_loss=0.3269, val_loss=0.3232
   units=32 seed=44: MAE=0.3728, Rý=0.6123, train_loss=0.3248, val_loss=0.2971
   units=32 seed=45: MAE=0.4134, Rý=0.5867, train_loss=0.3271, val_loss=0.3216
   units=32 seed=46: MAE=0.4295, Rý=0.5651, train_loss=0.3302, val_loss=0.3339
   units=32 seed=47: MAE=0.3408, Rý=0.6195, train_loss=0.3270, val_loss=0.2891
   units=32 seed=48: MAE=0.3797, Rý=0.5814, train_loss=0.3328, val_loss=0.3402
   units=32 seed=49: MAE=0.4271, Rý=0.5754, train_loss=0.3291, val_loss=0.3200
   units=32 seed=50: MAE=0.4107, Rý=0.5859, train_loss=0.3309, val_loss=0.3136
   units=32 seed=51: MAE=0.4246, Rý=0.5836, train_loss=0.3291, val_loss=0.3218

[03:54:36] units=32 config=ONLY_MECH
   Keep only mechanistic features
   units=32 seed=42: MAE=0.4121, Rý=0.5822, train_loss=0.3245, val_loss=0.3155
   units=32 seed=43: MAE=0.4310, Rý=0.5691, train_loss=0.3255, val_loss=0.3291
   units=32 seed=44: MAE=0.4118, Rý=0.5762, train_loss=0.3256, val_loss=0.3194
   units=32 seed=45: MAE=0.4101, Rý=0.5914, train_loss=0.3263, val_loss=0.3118
   units=32 seed=46: MAE=0.4223, Rý=0.5709, train_loss=0.3241, val_loss=0.3231
   units=32 seed=47: MAE=0.4088, Rý=0.5838, train_loss=0.3261, val_loss=0.3135
   units=32 seed=48: MAE=0.3822, Rý=0.6100, train_loss=0.3246, val_loss=0.2944
   units=32 seed=49: MAE=0.3694, Rý=0.6129, train_loss=0.3215, val_loss=0.2918
   units=32 seed=50: MAE=0.4161, Rý=0.5818, train_loss=0.3256, val_loss=0.3175
   units=32 seed=51: MAE=0.4101, Rý=0.5887, train_loss=0.3240, val_loss=0.3110

Completed 200 new runs, skipped 0 previously completed

Finished at: 2026-05-09 04:04:25

Next step: run 'python 03b_analyze_capacity_sweep.py' to summarize
EXIT_CODE: 0
